# JRE version: Java(TM) SE Runtime Environment (8.0_121-b13) (build 1.8.0_121-b13)
# Java VM: Java HotSpot(TM) 64-Bit Server VM (25.121-b13 mixed mode windows-amd64 compressed oops)
Heap:
 PSYoungGen      total 127488K, used 84277K [0x00000000d5580000, 0x00000000dde00000, 0x0000000100000000)
  eden space 118272K, 71% used [0x00000000d5580000,0x00000000da7cd770,0x00000000dc900000)
  from space 9216K, 0% used [0x00000000dd400000,0x00000000dd400000,0x00000000ddd00000)
  to   space 10752K, 0% used [0x00000000dc900000,0x00000000dc900000,0x00000000dd380000)
 ParOldGen       total 84480K, used 23682K [0x0000000080000000, 0x0000000085280000, 0x00000000d5580000)
  object space 84480K, 28% used [0x0000000080000000,0x0000000081720b48,0x0000000085280000)
 Metaspace       used 34995K, capacity 36770K, committed 36992K, reserved 1081344K
  class space    used 4889K, capacity 5232K, committed 5248K, reserved 1048576K
GC Heap History (10 events):
Event: 3.239 GC heap before
{Heap before GC invocations=6 (full 1):
 PSYoungGen      total 71680K, used 66560K [0x00000000d5580000, 0x00000000da080000, 0x0000000100000000)
  eden space 66560K, 100% used [0x00000000d5580000,0x00000000d9680000,0x00000000d9680000)
  from space 5120K, 0% used [0x00000000d9b80000,0x00000000d9b80000,0x00000000da080000)
  to   space 5120K, 0% used [0x00000000d9680000,0x00000000d9680000,0x00000000d9b80000)
 ParOldGen       total 49664K, used 5934K [0x0000000080000000, 0x0000000083080000, 0x00000000d5580000)
  object space 49664K, 11% used [0x0000000080000000,0x00000000805cb9d8,0x0000000083080000)
 Metaspace       used 23054K, capacity 24004K, committed 24192K, reserved 1071104K
  class space    used 3184K, capacity 3419K, committed 3456K, reserved 1048576K
Event: 3.251 GC heap after
Heap after GC invocations=6 (full 1):
 PSYoungGen      total 71680K, used 5108K [0x00000000d5580000, 0x00000000ddd00000, 0x0000000100000000)
  eden space 66560K, 0% used [0x00000000d5580000,0x00000000d5580000,0x00000000d9680000)
  from space 5120K, 99% used [0x00000000d9680000,0x00000000d9b7d3d8,0x00000000d9b80000)
  to   space 9216K, 0% used [0x00000000dd400000,0x00000000dd400000,0x00000000ddd00000)
 ParOldGen       total 49664K, used 6763K [0x0000000080000000, 0x0000000083080000, 0x00000000d5580000)
  object space 49664K, 13% used [0x0000000080000000,0x000000008069afb8,0x0000000083080000)
 Metaspace       used 23054K, capacity 24004K, committed 24192K, reserved 1071104K
  class space    used 3184K, capacity 3419K, committed 3456K, reserved 1048576K
}
Event: 3.938 GC heap before
{Heap before GC invocations=7 (full 1):
 PSYoungGen      total 71680K, used 71668K [0x00000000d5580000, 0x00000000ddd00000, 0x0000000100000000)
  eden space 66560K, 100% used [0x00000000d5580000,0x00000000d9680000,0x00000000d9680000)
  from space 5120K, 99% used [0x00000000d9680000,0x00000000d9b7d3d8,0x00000000d9b80000)
  to   space 9216K, 0% used [0x00000000dd400000,0x00000000dd400000,0x00000000ddd00000)
 ParOldGen       total 49664K, used 6763K [0x0000000080000000, 0x0000000083080000, 0x00000000d5580000)
  object space 49664K, 13% used [0x0000000080000000,0x000000008069afb8,0x0000000083080000)
 Metaspace       used 26342K, capacity 27324K, committed 27520K, reserved 1073152K
  class space    used 3643K, capacity 3887K, committed 3968K, reserved 1048576K
Event: 3.951 GC heap after
Heap after GC invocations=7 (full 1):
 PSYoungGen      total 127488K, used 9205K [0x00000000d5580000, 0x00000000dde00000, 0x0000000100000000)
  eden space 118272K, 0% used [0x00000000d5580000,0x00000000d5580000,0x00000000dc900000)
  from space 9216K, 99% used [0x00000000dd400000,0x00000000ddcfd7c8,0x00000000ddd00000)
  to   space 10752K, 0% used [0x00000000dc900000,0x00000000dc900000,0x00000000dd380000)
 ParOldGen       total 49664K, used 7011K [0x0000000080000000, 0x0000000083080000, 0x00000000d5580000)
  object space 49664K, 14% used [0x0000000080000000,0x00000000806d8d70,0x0000000083080000)
 Metaspace       used 26342K, capacity 27324K, committed 27520K, reserved 1073152K
  class space    used 3643K, capacity 3887K, committed 3968K, reserved 1048576K
}
Event: 5.751 GC heap before
{Heap before GC invocations=8 (full 1):
 PSYoungGen      total 127488K, used 127477K [0x00000000d5580000, 0x00000000dde00000, 0x0000000100000000)
  eden space 118272K, 100% used [0x00000000d5580000,0x00000000dc900000,0x00000000dc900000)
  from space 9216K, 99% used [0x00000000dd400000,0x00000000ddcfd7c8,0x00000000ddd00000)
  to   space 10752K, 0% used [0x00000000dc900000,0x00000000dc900000,0x00000000dd380000)
 ParOldGen       total 49664K, used 7011K [0x0000000080000000, 0x0000000083080000, 0x00000000d5580000)
  object space 49664K, 14% used [0x0000000080000000,0x00000000806d8d70,0x0000000083080000)
 Metaspace       used 31231K, capacity 32824K, committed 33152K, reserved 1077248K
  class space    used 4335K, capacity 4663K, committed 4736K, reserved 1048576K
Event: 5.774 GC heap after
Heap after GC invocations=8 (full 1):
 PSYoungGen      total 129024K, used 10735K [0x00000000d5580000, 0x00000000dde00000, 0x0000000100000000)
  eden space 118272K, 0% used [0x00000000d5580000,0x00000000d5580000,0x00000000dc900000)
  from space 10752K, 99% used [0x00000000dc900000,0x00000000dd37bc70,0x00000000dd380000)
  to   space 9216K, 0% used [0x00000000dd400000,0x00000000dd400000,0x00000000ddd00000)
 ParOldGen       total 49664K, used 14788K [0x0000000080000000, 0x0000000083080000, 0x00000000d5580000)
  object space 49664K, 29% used [0x0000000080000000,0x0000000080e71040,0x0000000083080000)
 Metaspace       used 31231K, capacity 32824K, committed 33152K, reserved 1077248K
  class space    used 4335K, capacity 4663K, committed 4736K, reserved 1048576K
}
Event: 6.342 GC heap before
{Heap before GC invocations=9 (full 1):
 PSYoungGen      total 129024K, used 46844K [0x00000000d5580000, 0x00000000dde00000, 0x0000000100000000)
  eden space 118272K, 30% used [0x00000000d5580000,0x00000000d78c35c0,0x00000000dc900000)
  from space 10752K, 99% used [0x00000000dc900000,0x00000000dd37bc70,0x00000000dd380000)
  to   space 9216K, 0% used [0x00000000dd400000,0x00000000dd400000,0x00000000ddd00000)
 ParOldGen       total 49664K, used 14788K [0x0000000080000000, 0x0000000083080000, 0x00000000d5580000)
  object space 49664K, 29% used [0x0000000080000000,0x0000000080e71040,0x0000000083080000)
 Metaspace       used 33500K, capacity 35250K, committed 35416K, reserved 1079296K
  class space    used 4666K, capacity 5014K, committed 5120K, reserved 1048576K
Event: 6.361 GC heap after
Heap after GC invocations=9 (full 1):
 PSYoungGen      total 127488K, used 9200K [0x00000000d5580000, 0x00000000dde00000, 0x0000000100000000)
  eden space 118272K, 0% used [0x00000000d5580000,0x00000000d5580000,0x00000000dc900000)
  from space 9216K, 99% used [0x00000000dd400000,0x00000000ddcfc030,0x00000000ddd00000)
  to   space 10752K, 0% used [0x00000000dc900000,0x00000000dc900000,0x00000000dd380000)
 ParOldGen       total 49664K, used 19477K [0x0000000080000000, 0x0000000083080000, 0x00000000d5580000)
  object space 49664K, 39% used [0x0000000080000000,0x0000000081305500,0x0000000083080000)
 Metaspace       used 33500K, capacity 35250K, committed 35416K, reserved 1079296K
  class space    used 4666K, capacity 5014K, committed 5120K, reserved 1048576K
}
Event: 6.361 GC heap before
{Heap before GC invocations=10 (full 2):
 PSYoungGen      total 127488K, used 9200K [0x00000000d5580000, 0x00000000dde00000, 0x0000000100000000)
  eden space 118272K, 0% used [0x00000000d5580000,0x00000000d5580000,0x00000000dc900000)
  from space 9216K, 99% used [0x00000000dd400000,0x00000000ddcfc030,0x00000000ddd00000)
  to   space 10752K, 0% used [0x00000000dc900000,0x00000000dc900000,0x00000000dd380000)
 ParOldGen       total 49664K, used 19477K [0x0000000080000000, 0x0000000083080000, 0x00000000d5580000)
  object space 49664K, 39% used [0x0000000080000000,0x0000000081305500,0x0000000083080000)
 Metaspace       used 33500K, capacity 35250K, committed 35416K, reserved 1079296K
  class space    used 4666K, capacity 5014K, committed 5120K, reserved 1048576K
Event: 6.465 GC heap after
Heap after GC invocations=10 (full 2):
 PSYoungGen      total 127488K, used 0K [0x00000000d5580000, 0x00000000dde00000, 0x0000000100000000)
  eden space 118272K, 0% used [0x00000000d5580000,0x00000000d5580000,0x00000000dc900000)
  from space 9216K, 0% used [0x00000000dd400000,0x00000000dd400000,0x00000000ddd00000)
  to   space 10752K, 0% used [0x00000000dc900000,0x00000000dc900000,0x00000000dd380000)
 ParOldGen       total 84480K, used 23682K [0x0000000080000000, 0x0000000085280000, 0x00000000d5580000)
  object space 84480K, 28% used [0x0000000080000000,0x0000000081720b48,0x0000000085280000)
 Metaspace       used 33500K, capacity 35250K, committed 35416K, reserved 1079296K
  class space    used 4666K, capacity 5014K, committed 5120K, reserved 1048576K
}

